Using pre-set license
Built from '2020.3/staging' branch; Version is '2020.3.5f1 (8095aa901b9b) revision 8426922'; Using compiler version '192528614'; Build Type 'Release'
OS: 'Windows 10 Education; OS build 19042.508; Version 2009; 64bit' Language: 'en' Physical Memory: 32593 MB
BatchMode: 1, IsHumanControllingUs: 0, StartBugReporterOnCrash: 0, Is64bit: 1, IsPro: 0

 COMMAND LINE ARGUMENTS:
C:\Program Files\Unity\Hub\Editor\2020.3.5f1\Editor\Unity.exe
-adb2
-batchMode
-noUpm
-name
AssetImportWorker0
-projectPath
C:/Users/s218030/source/repos/InputSystemExercise
-logFile
Logs/AssetImportWorker0.log
-srvPort
52781
Successfully changed project path to: C:/Users/s218030/source/repos/InputSystemExercise
C:/Users/s218030/source/repos/InputSystemExercise
Using Asset Import Pipeline V2.
Refreshing native plugins compatible for Editor in 28.62 ms, found 0 plugins.
Preloading 0 native plugins for Editor in 0.00 ms.
Initialize engine version: 2020.3.5f1 (8095aa901b9b)
[Subsystems] Discovering subsystems at path C:/Program Files/Unity/Hub/Editor/2020.3.5f1/Editor/Data/Resources/UnitySubsystems
[Subsystems] Discovering subsystems at path C:/Users/s218030/source/repos/InputSystemExercise/Assets
GfxDevice: creating device client; threaded=0
Direct3D:
    Version:  Direct3D 11.0 [level 11.1]
    Renderer: NVIDIA GeForce GTX 960 (ID=0x1401)
    Vendor:   
    VRAM:     2007 MB
    Driver:   27.21.14.5698
Initialize mono
Mono path[0] = 'C:/Program Files/Unity/Hub/Editor/2020.3.5f1/Editor/Data/Managed'
Mono path[1] = 'C:/Program Files/Unity/Hub/Editor/2020.3.5f1/Editor/Data/MonoBleedingEdge/lib/mono/unityjit'
Mono config path = 'C:/Program Files/Unity/Hub/Editor/2020.3.5f1/Editor/Data/MonoBleedingEdge/etc'
Using monoOptions --debugger-agent=transport=dt_socket,embedding=1,server=y,suspend=n,address=127.0.0.1:56112
Begin MonoManager ReloadAssembly
Registering precompiled unity dll's ...
Register platform support module: C:/Program Files/Unity/Hub/Editor/2020.3.5f1/Editor/Data/PlaybackEngines/WebGLSupport/UnityEditor.WebGL.Extensions.dll
Register platform support module: C:/Program Files/Unity/Hub/Editor/2020.3.5f1/Editor/Data/PlaybackEngines/WindowsStandaloneSupport/UnityEditor.WindowsStandalone.Extensions.dll
Registered in 0.002735 seconds.
Native extension for WindowsStandalone target not found
Native extension for WebGL target not found
Refreshing native plugins compatible for Editor in 29.23 ms, found 0 plugins.
Preloading 0 native plugins for Editor in 0.00 ms.
Mono: successfully reloaded assembly
- Completed reload, in  1.468 seconds
Platform modules already initialized, skipping
Registering precompiled user dll's ...
Registered in 0.000850 seconds.
Begin MonoManager ReloadAssembly
Native extension for WindowsStandalone target not found
Native extension for WebGL target not found
Refreshing native plugins compatible for Editor in 29.31 ms, found 0 plugins.
Preloading 0 native plugins for Editor in 0.00 ms.
Mono: successfully reloaded assembly
- Completed reload, in  1.057 seconds
Platform modules already initialized, skipping
========================================================================
Worker process is ready to serve import requests
Launched and connected shader compiler UnityShaderCompiler.exe after 0.04 seconds
Refreshing native plugins compatible for Editor in 0.29 ms, found 0 plugins.
Preloading 0 native plugins for Editor in 0.00 ms.
Unloading 1416 Unused Serialized files (Serialized files now loaded: 0)
System memory in use before: 67.4 MB.
System memory in use after: 67.5 MB.

Unloading 11 unused Assets to reduce memory usage. Loaded Objects now: 1861.
Total: 2.340400 ms (FindLiveObjects: 0.161500 ms CreateObjectMapping: 0.058900 ms MarkObjects: 2.056700 ms  DeleteObjects: 0.062400 ms)

========================================================================
Received Import Request.
  path: Assets/InputSystem.inputsettings.asset
  artifactKey: Guid(294b3dd0ef32a664e8296b406d6d6fcc) Importer(815301076,1909f56bfc062723c751e8b465ee728b)
Start importing Assets/InputSystem.inputsettings.asset using Guid(294b3dd0ef32a664e8296b406d6d6fcc) Importer(815301076,1909f56bfc062723c751e8b465ee728b)  -> (artifact id: 'bea5543aabae36e17ef74ff22b4994e3') in 0.040589 seconds
  Import took 0.043182 seconds .

========================================================================
Received Import Request.
  Time since last request: 0.001761 seconds.
  path: Assets/InputSystem.inputsettings.asset
  artifactKey: Guid(294b3dd0ef32a664e8296b406d6d6fcc) Importer(815301076,1909f56bfc062723c751e8b465ee728b)
Start importing Assets/InputSystem.inputsettings.asset using Guid(294b3dd0ef32a664e8296b406d6d6fcc) Importer(815301076,1909f56bfc062723c751e8b465ee728b)  -> (artifact id: 'bea5543aabae36e17ef74ff22b4994e3') in 0.003827 seconds
  Import took 0.006823 seconds .

========================================================================
Received Import Request.
  Time since last request: 66.633002 seconds.
  path: Assets/Scripts/Input
  artifactKey: Guid(f9e29cfca78cc8b4484b87c21ced12b2) Importer(815301076,1909f56bfc062723c751e8b465ee728b)
Start importing Assets/Scripts/Input using Guid(f9e29cfca78cc8b4484b87c21ced12b2) Importer(815301076,1909f56bfc062723c751e8b465ee728b)  -> (artifact id: '09df64a9aeadd63f6ca5a505d2ac2163') in 0.011343 seconds
  Import took 0.015190 seconds .

========================================================================
Received Import Request.
  Time since last request: 18.695057 seconds.
  path: Assets/Scripts/Input/PlayerControls.inputactions
  artifactKey: Guid(8c312ac5d5511ea479162deeeb763967) Importer(815301076,1909f56bfc062723c751e8b465ee728b)
Start importing Assets/Scripts/Input/PlayerControls.inputactions using Guid(8c312ac5d5511ea479162deeeb763967) Importer(815301076,1909f56bfc062723c751e8b465ee728b)  -> (artifact id: 'e214e6c647342b498dd0420c2bffba93') in 0.013900 seconds
  Import took 0.017143 seconds .

========================================================================
Received Import Request.
  Time since last request: 53.376905 seconds.
  path: Assets/Scripts/Input/PlayerControls.inputactions
  artifactKey: Guid(8c312ac5d5511ea479162deeeb763967) Importer(815301076,1909f56bfc062723c751e8b465ee728b)
Start importing Assets/Scripts/Input/PlayerControls.inputactions using Guid(8c312ac5d5511ea479162deeeb763967) Importer(815301076,1909f56bfc062723c751e8b465ee728b)  -> (artifact id: '6d10b503fd8f90e563f26ffccb88b0e5') in 0.004151 seconds
  Import took 0.007614 seconds .

========================================================================
Received Import Request.
  Time since last request: 0.001454 seconds.
  path: Assets/Scripts/Input/PlayerControls.inputactions
  artifactKey: Guid(8c312ac5d5511ea479162deeeb763967) Importer(815301076,1909f56bfc062723c751e8b465ee728b)
Start importing Assets/Scripts/Input/PlayerControls.inputactions using Guid(8c312ac5d5511ea479162deeeb763967) Importer(815301076,1909f56bfc062723c751e8b465ee728b)  -> (artifact id: '6d10b503fd8f90e563f26ffccb88b0e5') in 0.003720 seconds
  Import took 0.006694 seconds .

========================================================================
Received Prepare
Registering precompiled user dll's ...
Registered in 0.000691 seconds.
Begin MonoManager ReloadAssembly
Native extension for WindowsStandalone target not found
Native extension for WebGL target not found
Refreshing native plugins compatible for Editor in 0.32 ms, found 0 plugins.
Preloading 0 native plugins for Editor in 0.00 ms.
Mono: successfully reloaded assembly
- Completed reload, in  0.960 seconds
Platform modules already initialized, skipping
Refreshing native plugins compatible for Editor in 0.29 ms, found 0 plugins.
Preloading 0 native plugins for Editor in 0.00 ms.
Unloading 1412 Unused Serialized files (Serialized files now loaded: 0)
System memory in use before: 67.5 MB.
System memory in use after: 67.6 MB.

Unloading 5 unused Assets to reduce memory usage. Loaded Objects now: 1865.
Total: 2.009700 ms (FindLiveObjects: 0.192700 ms CreateObjectMapping: 0.057800 ms MarkObjects: 1.743000 ms  DeleteObjects: 0.014600 ms)

========================================================================
Received Import Request.
  Time since last request: 1261.059900 seconds.
  path: Assets/Scripts/Input/PlayerControls.inputactions
  artifactKey: Guid(8c312ac5d5511ea479162deeeb763967) Importer(815301076,1909f56bfc062723c751e8b465ee728b)
Start importing Assets/Scripts/Input/PlayerControls.inputactions using Guid(8c312ac5d5511ea479162deeeb763967) Importer(815301076,1909f56bfc062723c751e8b465ee728b)  -> (artifact id: '60ef8639e2f5e65566e4e5b2f26587e3') in 0.020811 seconds
  Import took 0.023865 seconds .

========================================================================
Received Import Request.
  Time since last request: 0.090581 seconds.
  path: Assets/Scripts/Input/PlayerControls.inputactions
  artifactKey: Guid(8c312ac5d5511ea479162deeeb763967) Importer(815301076,1909f56bfc062723c751e8b465ee728b)
Start importing Assets/Scripts/Input/PlayerControls.inputactions using Guid(8c312ac5d5511ea479162deeeb763967) Importer(815301076,1909f56bfc062723c751e8b465ee728b)  -> (artifact id: '60ef8639e2f5e65566e4e5b2f26587e3') in 0.005376 seconds
  Import took 0.008571 seconds .

========================================================================
Received Prepare
Registering precompiled user dll's ...
Registered in 0.000727 seconds.
Begin MonoManager ReloadAssembly
Native extension for WindowsStandalone target not found
Native extension for WebGL target not found
Refreshing native plugins compatible for Editor in 0.34 ms, found 0 plugins.
Preloading 0 native plugins for Editor in 0.00 ms.
Mono: successfully reloaded assembly
- Completed reload, in  0.957 seconds
Platform modules already initialized, skipping
Refreshing native plugins compatible for Editor in 0.33 ms, found 0 plugins.
Preloading 0 native plugins for Editor in 0.00 ms.
Unloading 1412 Unused Serialized files (Serialized files now loaded: 0)
System memory in use before: 67.6 MB.
System memory in use after: 67.7 MB.

Unloading 5 unused Assets to reduce memory usage. Loaded Objects now: 1868.
Total: 1.891100 ms (FindLiveObjects: 0.150500 ms CreateObjectMapping: 0.057500 ms MarkObjects: 1.668400 ms  DeleteObjects: 0.013900 ms)

========================================================================
Received Import Request.
  Time since last request: 545.938291 seconds.
  path: Assets/Scripts/Input/InputEventBehavior.cs
  artifactKey: Guid(cbaa2ad3006f2c944816c572540ddc21) Importer(815301076,1909f56bfc062723c751e8b465ee728b)
Start importing Assets/Scripts/Input/InputEventBehavior.cs using Guid(cbaa2ad3006f2c944816c572540ddc21) Importer(815301076,1909f56bfc062723c751e8b465ee728b)  -> (artifact id: '850112ca5b9da1f0f8630bf8f5fdba3d') in 0.017579 seconds
  Import took 0.020773 seconds .

========================================================================
Received Prepare
Registering precompiled user dll's ...
Registered in 0.000722 seconds.
Begin MonoManager ReloadAssembly
Native extension for WindowsStandalone target not found
Native extension for WebGL target not found
Refreshing native plugins compatible for Editor in 0.32 ms, found 0 plugins.
Preloading 0 native plugins for Editor in 0.00 ms.
Mono: successfully reloaded assembly
- Completed reload, in  1.042 seconds
Platform modules already initialized, skipping
Refreshing native plugins compatible for Editor in 0.47 ms, found 0 plugins.
Preloading 0 native plugins for Editor in 0.00 ms.
Unloading 1413 Unused Serialized files (Serialized files now loaded: 0)
System memory in use before: 67.6 MB.
System memory in use after: 67.7 MB.

Unloading 5 unused Assets to reduce memory usage. Loaded Objects now: 1872.
Total: 2.204100 ms (FindLiveObjects: 0.258200 ms CreateObjectMapping: 0.084500 ms MarkObjects: 1.844500 ms  DeleteObjects: 0.015800 ms)

========================================================================
Received Prepare
Registering precompiled user dll's ...
Registered in 0.000753 seconds.
Begin MonoManager ReloadAssembly
Native extension for WindowsStandalone target not found
Native extension for WebGL target not found
Refreshing native plugins compatible for Editor in 0.34 ms, found 0 plugins.
Preloading 0 native plugins for Editor in 0.00 ms.
Mono: successfully reloaded assembly
- Completed reload, in  0.968 seconds
Platform modules already initialized, skipping
Refreshing native plugins compatible for Editor in 0.46 ms, found 0 plugins.
Preloading 0 native plugins for Editor in 0.00 ms.
Unloading 1413 Unused Serialized files (Serialized files now loaded: 0)
System memory in use before: 67.7 MB.
System memory in use after: 67.8 MB.

Unloading 5 unused Assets to reduce memory usage. Loaded Objects now: 1875.
Total: 1.942600 ms (FindLiveObjects: 0.171400 ms CreateObjectMapping: 0.058600 ms MarkObjects: 1.695600 ms  DeleteObjects: 0.015300 ms)

========================================================================
Received Import Request.
  Time since last request: 679.842565 seconds.
  path: Assets/Scripts/Input/InputEventBehavior.cs
  artifactKey: Guid(cbaa2ad3006f2c944816c572540ddc21) Importer(815301076,1909f56bfc062723c751e8b465ee728b)
Start importing Assets/Scripts/Input/InputEventBehavior.cs using Guid(cbaa2ad3006f2c944816c572540ddc21) Importer(815301076,1909f56bfc062723c751e8b465ee728b)  -> (artifact id: '669d7f8d96a2ecb0ef936fbc97dfe461') in 0.007062 seconds
  Import took 0.009537 seconds .

========================================================================
Received Prepare
Registering precompiled user dll's ...
Registered in 0.000871 seconds.
Begin MonoManager ReloadAssembly
Native extension for WindowsStandalone target not found
Native extension for WebGL target not found
Refreshing native plugins compatible for Editor in 0.32 ms, found 0 plugins.
Preloading 0 native plugins for Editor in 0.00 ms.
Mono: successfully reloaded assembly
- Completed reload, in  0.949 seconds
Platform modules already initialized, skipping
Refreshing native plugins compatible for Editor in 0.31 ms, found 0 plugins.
Preloading 0 native plugins for Editor in 0.00 ms.
Unloading 1413 Unused Serialized files (Serialized files now loaded: 0)
System memory in use before: 67.7 MB.
System memory in use after: 67.8 MB.

Unloading 5 unused Assets to reduce memory usage. Loaded Objects now: 1878.
Total: 2.183700 ms (FindLiveObjects: 0.243400 ms CreateObjectMapping: 0.078300 ms MarkObjects: 1.845300 ms  DeleteObjects: 0.015300 ms)

========================================================================
Received Prepare
Registering precompiled user dll's ...
Registered in 0.000772 seconds.
Begin MonoManager ReloadAssembly
Native extension for WindowsStandalone target not found
Native extension for WebGL target not found
Refreshing native plugins compatible for Editor in 0.31 ms, found 0 plugins.
Preloading 0 native plugins for Editor in 0.00 ms.
Mono: successfully reloaded assembly
- Completed reload, in  1.028 seconds
Platform modules already initialized, skipping
Refreshing native plugins compatible for Editor in 0.31 ms, found 0 plugins.
Preloading 0 native plugins for Editor in 0.00 ms.
Unloading 1413 Unused Serialized files (Serialized files now loaded: 0)
System memory in use before: 67.7 MB.
System memory in use after: 67.8 MB.

Unloading 5 unused Assets to reduce memory usage. Loaded Objects now: 1881.
Total: 1.880600 ms (FindLiveObjects: 0.180000 ms CreateObjectMapping: 0.056400 ms MarkObjects: 1.629100 ms  DeleteObjects: 0.013600 ms)

========================================================================
Received Prepare
Registering precompiled user dll's ...
Registered in 0.000734 seconds.
Begin MonoManager ReloadAssembly
Native extension for WindowsStandalone target not found
Native extension for WebGL target not found
Refreshing native plugins compatible for Editor in 0.32 ms, found 0 plugins.
Preloading 0 native plugins for Editor in 0.00 ms.
Mono: successfully reloaded assembly
- Completed reload, in  0.956 seconds
Platform modules already initialized, skipping
Refreshing native plugins compatible for Editor in 0.33 ms, found 0 plugins.
Preloading 0 native plugins for Editor in 0.00 ms.
Unloading 1413 Unused Serialized files (Serialized files now loaded: 0)
System memory in use before: 67.7 MB.
System memory in use after: 67.8 MB.

Unloading 5 unused Assets to reduce memory usage. Loaded Objects now: 1884.
Total: 1.848900 ms (FindLiveObjects: 0.155700 ms CreateObjectMapping: 0.056500 ms MarkObjects: 1.621700 ms  DeleteObjects: 0.014200 ms)

========================================================================
Received Prepare
Registering precompiled user dll's ...
Registered in 0.000761 seconds.
Begin MonoManager ReloadAssembly
Native extension for WindowsStandalone target not found
Native extension for WebGL target not found
Refreshing native plugins compatible for Editor in 0.32 ms, found 0 plugins.
Preloading 0 native plugins for Editor in 0.00 ms.
Mono: successfully reloaded assembly
- Completed reload, in  0.938 seconds
Platform modules already initialized, skipping
Refreshing native plugins compatible for Editor in 0.29 ms, found 0 plugins.
Preloading 0 native plugins for Editor in 0.00 ms.
Unloading 1413 Unused Serialized files (Serialized files now loaded: 0)
System memory in use before: 67.7 MB.
System memory in use after: 67.8 MB.

Unloading 5 unused Assets to reduce memory usage. Loaded Objects now: 1887.
Total: 1.826300 ms (FindLiveObjects: 0.159700 ms CreateObjectMapping: 0.057300 ms MarkObjects: 1.594700 ms  DeleteObjects: 0.013900 ms)

========================================================================
Received Prepare
Registering precompiled user dll's ...
Registered in 0.000876 seconds.
Begin MonoManager ReloadAssembly
Native extension for WindowsStandalone target not found
Native extension for WebGL target not found
Refreshing native plugins compatible for Editor in 0.31 ms, found 0 plugins.
Preloading 0 native plugins for Editor in 0.00 ms.
Mono: successfully reloaded assembly
- Completed reload, in  1.027 seconds
Platform modules already initialized, skipping
Refreshing native plugins compatible for Editor in 0.31 ms, found 0 plugins.
Preloading 0 native plugins for Editor in 0.00 ms.
Unloading 1413 Unused Serialized files (Serialized files now loaded: 0)
System memory in use before: 67.7 MB.
System memory in use after: 67.8 MB.

Unloading 5 unused Assets to reduce memory usage. Loaded Objects now: 1890.
Total: 1.986400 ms (FindLiveObjects: 0.168500 ms CreateObjectMapping: 0.058500 ms MarkObjects: 1.743500 ms  DeleteObjects: 0.014500 ms)

========================================================================
Received Import Request.
  Time since last request: 1137.024697 seconds.
  path: Assets/Scripts/Input/InputDelegateBehavior.cs
  artifactKey: Guid(ddc93f4bd2b69f940af9baedecf31ead) Importer(815301076,1909f56bfc062723c751e8b465ee728b)
Start importing Assets/Scripts/Input/InputDelegateBehavior.cs using Guid(ddc93f4bd2b69f940af9baedecf31ead) Importer(815301076,1909f56bfc062723c751e8b465ee728b)  -> (artifact id: 'ec8b7a8ab8f704c50bf272e06c491a99') in 0.011993 seconds
  Import took 0.015322 seconds .

========================================================================
Received Import Request.
  Time since last request: 0.003036 seconds.
  path: Assets/Scripts/Input/InputDelegateBehavior.cs
  artifactKey: Guid(ddc93f4bd2b69f940af9baedecf31ead) Importer(815301076,1909f56bfc062723c751e8b465ee728b)
Start importing Assets/Scripts/Input/InputDelegateBehavior.cs using Guid(ddc93f4bd2b69f940af9baedecf31ead) Importer(815301076,1909f56bfc062723c751e8b465ee728b)  -> (artifact id: 'ec8b7a8ab8f704c50bf272e06c491a99') in 0.004011 seconds
  Import took 0.007280 seconds .

========================================================================
Received Prepare
Registering precompiled user dll's ...
Registered in 0.000818 seconds.
Begin MonoManager ReloadAssembly
Native extension for WindowsStandalone target not found
Native extension for WebGL target not found
Refreshing native plugins compatible for Editor in 0.30 ms, found 0 plugins.
Preloading 0 native plugins for Editor in 0.00 ms.
Mono: successfully reloaded assembly
- Completed reload, in  0.962 seconds
Platform modules already initialized, skipping
Refreshing native plugins compatible for Editor in 0.31 ms, found 0 plugins.
Preloading 0 native plugins for Editor in 0.00 ms.
Unloading 1414 Unused Serialized files (Serialized files now loaded: 0)
System memory in use before: 67.7 MB.
System memory in use after: 67.8 MB.

Unloading 5 unused Assets to reduce memory usage. Loaded Objects now: 1894.
Total: 1.924900 ms (FindLiveObjects: 0.157700 ms CreateObjectMapping: 0.057300 ms MarkObjects: 1.694400 ms  DeleteObjects: 0.014100 ms)

========================================================================
Received Import Request.
  Time since last request: 1738.403402 seconds.
  path: Assets/Scripts/Input/InputDelegateBehavior.cs
  artifactKey: Guid(ddc93f4bd2b69f940af9baedecf31ead) Importer(815301076,1909f56bfc062723c751e8b465ee728b)
Start importing Assets/Scripts/Input/InputDelegateBehavior.cs using Guid(ddc93f4bd2b69f940af9baedecf31ead) Importer(815301076,1909f56bfc062723c751e8b465ee728b)  -> (artifact id: '7fb4c39ac3bed3e03b8c577edfdff1a0') in 0.005283 seconds
  Import took 0.007848 seconds .

========================================================================
Received Prepare
Registering precompiled user dll's ...
Registered in 0.000786 seconds.
Begin MonoManager ReloadAssembly
Native extension for WindowsStandalone target not found
Native extension for WebGL target not found
Refreshing native plugins compatible for Editor in 0.36 ms, found 0 plugins.
Preloading 0 native plugins for Editor in 0.00 ms.
Mono: successfully reloaded assembly
- Completed reload, in  0.939 seconds
Platform modules already initialized, skipping
Refreshing native plugins compatible for Editor in 0.29 ms, found 0 plugins.
Preloading 0 native plugins for Editor in 0.00 ms.
Unloading 1414 Unused Serialized files (Serialized files now loaded: 0)
System memory in use before: 67.7 MB.
System memory in use after: 67.8 MB.

Unloading 5 unused Assets to reduce memory usage. Loaded Objects now: 1897.
Total: 1.873600 ms (FindLiveObjects: 0.163000 ms CreateObjectMapping: 0.058000 ms MarkObjects: 1.613800 ms  DeleteObjects: 0.037700 ms)

========================================================================
Received Prepare
Registering precompiled user dll's ...
Registered in 0.000806 seconds.
Begin MonoManager ReloadAssembly
Native extension for WindowsStandalone target not found
Native extension for WebGL target not found
Refreshing native plugins compatible for Editor in 0.32 ms, found 0 plugins.
Preloading 0 native plugins for Editor in 0.00 ms.
Mono: successfully reloaded assembly
- Completed reload, in  0.962 seconds
Platform modules already initialized, skipping
Refreshing native plugins compatible for Editor in 0.29 ms, found 0 plugins.
Preloading 0 native plugins for Editor in 0.00 ms.
Unloading 1414 Unused Serialized files (Serialized files now loaded: 0)
System memory in use before: 67.7 MB.
System memory in use after: 67.8 MB.

Unloading 5 unused Assets to reduce memory usage. Loaded Objects now: 1900.
Total: 1.944700 ms (FindLiveObjects: 0.163600 ms CreateObjectMapping: 0.056900 ms MarkObjects: 1.709300 ms  DeleteObjects: 0.014000 ms)

========================================================================
Received Import Request.
  Time since last request: 121.617985 seconds.
  path: Assets/Scripts/Input/InputDelegateBehavior.cs
  artifactKey: Guid(ddc93f4bd2b69f940af9baedecf31ead) Importer(815301076,1909f56bfc062723c751e8b465ee728b)
Start importing Assets/Scripts/Input/InputDelegateBehavior.cs using Guid(ddc93f4bd2b69f940af9baedecf31ead) Importer(815301076,1909f56bfc062723c751e8b465ee728b)  -> (artifact id: '521dc22dc00a6e937092a02b92e2411b') in 0.005446 seconds
  Import took 0.007824 seconds .

========================================================================
Received Prepare
Registering precompiled user dll's ...
Registered in 0.000862 seconds.
Begin MonoManager ReloadAssembly
Native extension for WindowsStandalone target not found
Native extension for WebGL target not found
Refreshing native plugins compatible for Editor in 0.32 ms, found 0 plugins.
Preloading 0 native plugins for Editor in 0.00 ms.
Mono: successfully reloaded assembly
- Completed reload, in  0.954 seconds
Platform modules already initialized, skipping
Refreshing native plugins compatible for Editor in 0.30 ms, found 0 plugins.
Preloading 0 native plugins for Editor in 0.00 ms.
Unloading 1414 Unused Serialized files (Serialized files now loaded: 0)
System memory in use before: 67.7 MB.
System memory in use after: 67.8 MB.

Unloading 5 unused Assets to reduce memory usage. Loaded Objects now: 1903.
Total: 1.946100 ms (FindLiveObjects: 0.191500 ms CreateObjectMapping: 0.058500 ms MarkObjects: 1.679700 ms  DeleteObjects: 0.015000 ms)

========================================================================
Received Import Request.
  Time since last request: 12607.928930 seconds.
  path: Assets/Scripts/Input/PlayerControls.cs
  artifactKey: Guid(437af1151a3f4f146a9837c4a4a3dc9a) Importer(815301076,1909f56bfc062723c751e8b465ee728b)
Start importing Assets/Scripts/Input/PlayerControls.cs using Guid(437af1151a3f4f146a9837c4a4a3dc9a) Importer(815301076,1909f56bfc062723c751e8b465ee728b)  -> (artifact id: '8ee2a6b2e315c878d230ee42907432af') in 0.007936 seconds
  Import took 0.011827 seconds .

========================================================================
Received Import Request.
  Time since last request: 0.005674 seconds.
  path: Assets/Scripts/Input/PlayerControls.cs
  artifactKey: Guid(437af1151a3f4f146a9837c4a4a3dc9a) Importer(815301076,1909f56bfc062723c751e8b465ee728b)
Start importing Assets/Scripts/Input/PlayerControls.cs using Guid(437af1151a3f4f146a9837c4a4a3dc9a) Importer(815301076,1909f56bfc062723c751e8b465ee728b)  -> (artifact id: '8ee2a6b2e315c878d230ee42907432af') in 0.003672 seconds
  Import took 0.007191 seconds .

AssetImportWorkerClient::OnTransportError - code=2 error=End of file
